c:\users\ze_pa\desktop\smallscale\smallscaleassig\smallscaleassig\debug\vc140.pdb
c:\users\ze_pa\desktop\smallscale\smallscaleassig\smallscaleassig\debug\vc140.idb
c:\users\ze_pa\desktop\smallscale\smallscaleassig\smallscaleassig\debug\mmio.obj
c:\users\ze_pa\desktop\smallscale\smallscaleassig\smallscaleassig\debug\readexample.obj
c:\users\ze_pa\desktop\smallscale\smallscaleassig\smallscaleassig\debug\readmatrix.obj
c:\users\ze_pa\desktop\smallscale\smallscaleassig\smallscaleassig\debug\main.obj
c:\users\ze_pa\desktop\smallscale\smallscaleassig\smallscaleassig\debug\matrix.obj
c:\users\ze_pa\desktop\smallscale\smallscaleassig\smallscaleassig\debug\openmp.obj
c:\users\ze_pa\desktop\smallscale\smallscaleassig\debug\smallscaleassig.ilk
c:\users\ze_pa\desktop\smallscale\smallscaleassig\debug\smallscaleassig.exe
c:\users\ze_pa\desktop\smallscale\smallscaleassig\debug\smallscaleassig.pdb
c:\users\ze_pa\desktop\smallscale\smallscaleassig\smallscaleassig\debug\kernel.cu.cache
c:\users\ze_pa\desktop\smallscale\smallscaleassig\smallscaleassig\debug\sparsematrixvector.cu.cache
c:\users\ze_pa\desktop\smallscale\smallscaleassig\smallscaleassig\debug\kernel.cu.obj
c:\users\ze_pa\desktop\smallscale\smallscaleassig\smallscaleassig\debug\sparsematrixvector.cu.obj
c:\users\ze_pa\desktop\smallscale\smallscaleassig\smallscaleassig\debug\smallscaleassig.tlog\cl.command.1.tlog
c:\users\ze_pa\desktop\smallscale\smallscaleassig\smallscaleassig\debug\smallscaleassig.tlog\cl.read.1.tlog
c:\users\ze_pa\desktop\smallscale\smallscaleassig\smallscaleassig\debug\smallscaleassig.tlog\cl.write.1.tlog
c:\users\ze_pa\desktop\smallscale\smallscaleassig\smallscaleassig\debug\smallscaleassig.tlog\link.command.1.tlog
c:\users\ze_pa\desktop\smallscale\smallscaleassig\smallscaleassig\debug\smallscaleassig.tlog\link.read.1.tlog
c:\users\ze_pa\desktop\smallscale\smallscaleassig\smallscaleassig\debug\smallscaleassig.tlog\link.write.1.tlog
